<?xml version="1.0" encoding="UTF-8"?>
<!-- Generated by org.testng.reporters.JUnitReportReporter -->
<testsuite hostname="Vachhable" failures="0" tests="5" name="finalAssignment.SearchTest" time="177.626" errors="0" timestamp="2023-07-26T19:28:25 EEST" skipped="0">
  <testcase classname="finalAssignment.SearchTest" name="testSearchFieldFromHomeAsLoggedInUser" time="44.886"/>
  <system-out/>
  <testcase classname="finalAssignment.SearchTest" name="testSearchFieldFromProfileAsLoggedInUser" time="42.184"/>
  <system-out/>
  <testcase classname="finalAssignment.SearchTest" name="testSearchFieldFromPostPageAsLoggedInUser" time="46.238"/>
  <system-out/>
  <testcase classname="finalAssignment.SearchTest" name="testSearchFieldFromHomeAsAnonymousUser" time="13.125"/>
  <system-out/>
  <testcase classname="finalAssignment.SearchTest" name="testSearchFieldAsLoggedInUserWithStrangeSymbols" time="31.193"/>
  <system-out/>
</testsuite> <!-- finalAssignment.SearchTest -->
