<?xml version="1.0" encoding="UTF-8"?>
<!-- Generated by org.testng.reporters.JUnitReportReporter -->
<testsuite hostname="Vachhable" failures="0" tests="5" name="finalAssignment.SearchTest" time="180.072" errors="0" timestamp="2023-07-26T19:25:03 EEST" skipped="0">
  <testcase classname="finalAssignment.SearchTest" name="testSearchFieldFromHomeAsLoggedInUser" time="44.797"/>
  <system-out/>
  <testcase classname="finalAssignment.SearchTest" name="testSearchFieldFromProfileAsLoggedInUser" time="45.724"/>
  <system-out/>
  <testcase classname="finalAssignment.SearchTest" name="testSearchFieldFromPostPageAsLoggedInUser" time="47.448"/>
  <system-out/>
  <testcase classname="finalAssignment.SearchTest" name="testSearchFieldFromHomeAsAnonymousUser" time="10.427"/>
  <system-out/>
  <testcase classname="finalAssignment.SearchTest" name="testSearchFieldAsLoggedInUserWithStrangeSymbols" time="31.676"/>
  <system-out/>
</testsuite> <!-- finalAssignment.SearchTest -->
